0 info it worked if it ends with ok
1 verbose cli [ 'node', '/usr/local/bin/npm', 'install' ]
2 info using npm@1.4.28
3 info using node@v0.10.32
4 warn package.json itp-january@0.0.1 No repository field.
5 verbose readDependencies using package.json deps
6 verbose install where, deps [ '/Users/samslover/Desktop/hacking-itp/itp-unconference',
6 verbose install   [ 'express',
6 verbose install     'hogan-express',
6 verbose install     'moment',
6 verbose install     'mongoose',
6 verbose install     'q',
6 verbose install     'mongoose-q',
6 verbose install     'request',
6 verbose install     'twilio' ] ]
7 info preinstall itp-january@0.0.1
8 verbose readDependencies using package.json deps
9 verbose cache add [ 'express@3.0.0rc5', null ]
10 verbose cache add name=undefined spec="express@3.0.0rc5" args=["express@3.0.0rc5",null]
11 verbose parsed url { protocol: null,
11 verbose parsed url   slashes: null,
11 verbose parsed url   auth: null,
11 verbose parsed url   host: null,
11 verbose parsed url   port: null,
11 verbose parsed url   hostname: null,
11 verbose parsed url   hash: null,
11 verbose parsed url   search: null,
11 verbose parsed url   query: null,
11 verbose parsed url   pathname: 'express@3.0.0rc5',
11 verbose parsed url   path: 'express@3.0.0rc5',
11 verbose parsed url   href: 'express@3.0.0rc5' }
12 verbose cache add [ 'hogan-express@0.3.3', null ]
13 verbose cache add name=undefined spec="hogan-express@0.3.3" args=["hogan-express@0.3.3",null]
14 verbose parsed url { protocol: null,
14 verbose parsed url   slashes: null,
14 verbose parsed url   auth: null,
14 verbose parsed url   host: null,
14 verbose parsed url   port: null,
14 verbose parsed url   hostname: null,
14 verbose parsed url   hash: null,
14 verbose parsed url   search: null,
14 verbose parsed url   query: null,
14 verbose parsed url   pathname: 'hogan-express@0.3.3',
14 verbose parsed url   path: 'hogan-express@0.3.3',
14 verbose parsed url   href: 'hogan-express@0.3.3' }
15 verbose cache add [ 'moment@1.7.2', null ]
16 verbose cache add name=undefined spec="moment@1.7.2" args=["moment@1.7.2",null]
17 verbose parsed url { protocol: null,
17 verbose parsed url   slashes: null,
17 verbose parsed url   auth: null,
17 verbose parsed url   host: null,
17 verbose parsed url   port: null,
17 verbose parsed url   hostname: null,
17 verbose parsed url   hash: null,
17 verbose parsed url   search: null,
17 verbose parsed url   query: null,
17 verbose parsed url   pathname: 'moment@1.7.2',
17 verbose parsed url   path: 'moment@1.7.2',
17 verbose parsed url   href: 'moment@1.7.2' }
18 verbose cache add [ 'mongoose@3.8.4', null ]
19 verbose cache add name=undefined spec="mongoose@3.8.4" args=["mongoose@3.8.4",null]
20 verbose parsed url { protocol: null,
20 verbose parsed url   slashes: null,
20 verbose parsed url   auth: null,
20 verbose parsed url   host: null,
20 verbose parsed url   port: null,
20 verbose parsed url   hostname: null,
20 verbose parsed url   hash: null,
20 verbose parsed url   search: null,
20 verbose parsed url   query: null,
20 verbose parsed url   pathname: 'mongoose@3.8.4',
20 verbose parsed url   path: 'mongoose@3.8.4',
20 verbose parsed url   href: 'mongoose@3.8.4' }
21 verbose cache add [ 'q@>= 1.0.0', null ]
22 verbose cache add name=undefined spec="q@>= 1.0.0" args=["q@>= 1.0.0",null]
23 verbose parsed url { protocol: null,
23 verbose parsed url   slashes: null,
23 verbose parsed url   auth: null,
23 verbose parsed url   host: null,
23 verbose parsed url   port: null,
23 verbose parsed url   hostname: null,
23 verbose parsed url   hash: null,
23 verbose parsed url   search: null,
23 verbose parsed url   query: null,
23 verbose parsed url   pathname: 'q@%3E=%201.0.0',
23 verbose parsed url   path: 'q@%3E=%201.0.0',
23 verbose parsed url   href: 'q@%3E=%201.0.0' }
24 verbose cache add name="express" spec="3.0.0rc5" args=["express","3.0.0rc5"]
25 verbose parsed url { protocol: null,
25 verbose parsed url   slashes: null,
25 verbose parsed url   auth: null,
25 verbose parsed url   host: null,
25 verbose parsed url   port: null,
25 verbose parsed url   hostname: null,
25 verbose parsed url   hash: null,
25 verbose parsed url   search: null,
25 verbose parsed url   query: null,
25 verbose parsed url   pathname: '3.0.0rc5',
25 verbose parsed url   path: '3.0.0rc5',
25 verbose parsed url   href: '3.0.0rc5' }
26 verbose addNamed [ 'express', '3.0.0rc5' ]
27 verbose addNamed [ null, null ]
28 verbose cache add name="hogan-express" spec="0.3.3" args=["hogan-express","0.3.3"]
29 verbose parsed url { protocol: null,
29 verbose parsed url   slashes: null,
29 verbose parsed url   auth: null,
29 verbose parsed url   host: null,
29 verbose parsed url   port: null,
29 verbose parsed url   hostname: null,
29 verbose parsed url   hash: null,
29 verbose parsed url   search: null,
29 verbose parsed url   query: null,
29 verbose parsed url   pathname: '0.3.3',
29 verbose parsed url   path: '0.3.3',
29 verbose parsed url   href: '0.3.3' }
30 verbose addNamed [ 'hogan-express', '0.3.3' ]
31 verbose addNamed [ '0.3.3', '0.3.3' ]
32 verbose cache add name="moment" spec="1.7.2" args=["moment","1.7.2"]
33 verbose parsed url { protocol: null,
33 verbose parsed url   slashes: null,
33 verbose parsed url   auth: null,
33 verbose parsed url   host: null,
33 verbose parsed url   port: null,
33 verbose parsed url   hostname: null,
33 verbose parsed url   hash: null,
33 verbose parsed url   search: null,
33 verbose parsed url   query: null,
33 verbose parsed url   pathname: '1.7.2',
33 verbose parsed url   path: '1.7.2',
33 verbose parsed url   href: '1.7.2' }
34 verbose addNamed [ 'moment', '1.7.2' ]
35 verbose addNamed [ '1.7.2', '1.7.2' ]
36 verbose cache add name="mongoose" spec="3.8.4" args=["mongoose","3.8.4"]
37 verbose parsed url { protocol: null,
37 verbose parsed url   slashes: null,
37 verbose parsed url   auth: null,
37 verbose parsed url   host: null,
37 verbose parsed url   port: null,
37 verbose parsed url   hostname: null,
37 verbose parsed url   hash: null,
37 verbose parsed url   search: null,
37 verbose parsed url   query: null,
37 verbose parsed url   pathname: '3.8.4',
37 verbose parsed url   path: '3.8.4',
37 verbose parsed url   href: '3.8.4' }
38 verbose addNamed [ 'mongoose', '3.8.4' ]
39 verbose addNamed [ '3.8.4', '3.8.4' ]
40 verbose cache add [ 'mongoose-q@0.0.10', null ]
41 verbose cache add name=undefined spec="mongoose-q@0.0.10" args=["mongoose-q@0.0.10",null]
42 verbose parsed url { protocol: null,
42 verbose parsed url   slashes: null,
42 verbose parsed url   auth: null,
42 verbose parsed url   host: null,
42 verbose parsed url   port: null,
42 verbose parsed url   hostname: null,
42 verbose parsed url   hash: null,
42 verbose parsed url   search: null,
42 verbose parsed url   query: null,
42 verbose parsed url   pathname: 'mongoose-q@0.0.10',
42 verbose parsed url   path: 'mongoose-q@0.0.10',
42 verbose parsed url   href: 'mongoose-q@0.0.10' }
43 verbose cache add name="q" spec=">= 1.0.0" args=["q",">= 1.0.0"]
44 verbose parsed url { protocol: null,
44 verbose parsed url   slashes: null,
44 verbose parsed url   auth: null,
44 verbose parsed url   host: null,
44 verbose parsed url   port: null,
44 verbose parsed url   hostname: null,
44 verbose parsed url   hash: null,
44 verbose parsed url   search: null,
44 verbose parsed url   query: null,
44 verbose parsed url   pathname: '%3E=%201.0.0',
44 verbose parsed url   path: '%3E=%201.0.0',
44 verbose parsed url   href: '%3E=%201.0.0' }
45 verbose addNamed [ 'q', '>= 1.0.0' ]
46 verbose addNamed [ null, '>=1.0.0' ]
47 silly lockFile 7e7c581c-express-3-0-0rc5 express@3.0.0rc5
48 verbose lock express@3.0.0rc5 /Users/samslover/.npm/7e7c581c-express-3-0-0rc5.lock
49 silly lockFile 623bb633-hogan-express-0-3-3 hogan-express@0.3.3
50 verbose lock hogan-express@0.3.3 /Users/samslover/.npm/623bb633-hogan-express-0-3-3.lock
51 silly lockFile e082cc8f-moment-1-7-2 moment@1.7.2
52 verbose lock moment@1.7.2 /Users/samslover/.npm/e082cc8f-moment-1-7-2.lock
53 silly lockFile e6bf8575-mongoose-3-8-4 mongoose@3.8.4
54 verbose lock mongoose@3.8.4 /Users/samslover/.npm/e6bf8575-mongoose-3-8-4.lock
55 silly lockFile e163177f-q-1-0-0 q@>= 1.0.0
56 verbose lock q@>= 1.0.0 /Users/samslover/.npm/e163177f-q-1-0-0.lock
57 verbose cache add [ 'request@2.16.6', null ]
58 verbose cache add name=undefined spec="request@2.16.6" args=["request@2.16.6",null]
59 verbose parsed url { protocol: null,
59 verbose parsed url   slashes: null,
59 verbose parsed url   auth: null,
59 verbose parsed url   host: null,
59 verbose parsed url   port: null,
59 verbose parsed url   hostname: null,
59 verbose parsed url   hash: null,
59 verbose parsed url   search: null,
59 verbose parsed url   query: null,
59 verbose parsed url   pathname: 'request@2.16.6',
59 verbose parsed url   path: 'request@2.16.6',
59 verbose parsed url   href: 'request@2.16.6' }
60 verbose cache add [ 'twilio@1.7.0', null ]
61 verbose cache add name=undefined spec="twilio@1.7.0" args=["twilio@1.7.0",null]
62 verbose parsed url { protocol: null,
62 verbose parsed url   slashes: null,
62 verbose parsed url   auth: null,
62 verbose parsed url   host: null,
62 verbose parsed url   port: null,
62 verbose parsed url   hostname: null,
62 verbose parsed url   hash: null,
62 verbose parsed url   search: null,
62 verbose parsed url   query: null,
62 verbose parsed url   pathname: 'twilio@1.7.0',
62 verbose parsed url   path: 'twilio@1.7.0',
62 verbose parsed url   href: 'twilio@1.7.0' }
63 verbose cache add name="mongoose-q" spec="0.0.10" args=["mongoose-q","0.0.10"]
64 verbose parsed url { protocol: null,
64 verbose parsed url   slashes: null,
64 verbose parsed url   auth: null,
64 verbose parsed url   host: null,
64 verbose parsed url   port: null,
64 verbose parsed url   hostname: null,
64 verbose parsed url   hash: null,
64 verbose parsed url   search: null,
64 verbose parsed url   query: null,
64 verbose parsed url   pathname: '0.0.10',
64 verbose parsed url   path: '0.0.10',
64 verbose parsed url   href: '0.0.10' }
65 verbose addNamed [ 'mongoose-q', '0.0.10' ]
66 verbose addNamed [ '0.0.10', '0.0.10' ]
67 silly lockFile b868f775-mongoose-q-0-0-10 mongoose-q@0.0.10
68 verbose lock mongoose-q@0.0.10 /Users/samslover/.npm/b868f775-mongoose-q-0-0-10.lock
69 verbose cache add name="request" spec="2.16.6" args=["request","2.16.6"]
70 verbose parsed url { protocol: null,
70 verbose parsed url   slashes: null,
70 verbose parsed url   auth: null,
70 verbose parsed url   host: null,
70 verbose parsed url   port: null,
70 verbose parsed url   hostname: null,
70 verbose parsed url   hash: null,
70 verbose parsed url   search: null,
70 verbose parsed url   query: null,
70 verbose parsed url   pathname: '2.16.6',
70 verbose parsed url   path: '2.16.6',
70 verbose parsed url   href: '2.16.6' }
71 verbose addNamed [ 'request', '2.16.6' ]
72 verbose addNamed [ '2.16.6', '2.16.6' ]
73 silly lockFile 9ba6a9aa-request-2-16-6 request@2.16.6
74 verbose lock request@2.16.6 /Users/samslover/.npm/9ba6a9aa-request-2-16-6.lock
75 verbose cache add name="twilio" spec="1.7.0" args=["twilio","1.7.0"]
76 verbose parsed url { protocol: null,
76 verbose parsed url   slashes: null,
76 verbose parsed url   auth: null,
76 verbose parsed url   host: null,
76 verbose parsed url   port: null,
76 verbose parsed url   hostname: null,
76 verbose parsed url   hash: null,
76 verbose parsed url   search: null,
76 verbose parsed url   query: null,
76 verbose parsed url   pathname: '1.7.0',
76 verbose parsed url   path: '1.7.0',
76 verbose parsed url   href: '1.7.0' }
77 verbose addNamed [ 'twilio', '1.7.0' ]
78 verbose addNamed [ '1.7.0', '1.7.0' ]
79 silly lockFile 05cebf0c-twilio-1-7-0 twilio@1.7.0
80 verbose lock twilio@1.7.0 /Users/samslover/.npm/05cebf0c-twilio-1-7-0.lock
81 silly addNameRange { name: 'q', range: '>=1.0.0', hasData: false }
82 verbose request where is /hogan-express
83 verbose request registry https://registry.npmjs.org/
84 verbose request id 01e50d296cdb2730
85 verbose url raw /hogan-express
86 verbose url resolving [ 'https://registry.npmjs.org/', './hogan-express' ]
87 verbose url resolved https://registry.npmjs.org/hogan-express
88 verbose request where is https://registry.npmjs.org/hogan-express
89 info trying registry request attempt 1 at 13:58:37
90 verbose etag "8DPASATJIFRFN2SP0FWCD69YR"
91 http GET https://registry.npmjs.org/hogan-express
92 verbose request where is /q
93 verbose request registry https://registry.npmjs.org/
94 verbose url raw /q
95 verbose url resolving [ 'https://registry.npmjs.org/', './q' ]
96 verbose url resolved https://registry.npmjs.org/q
97 verbose request where is https://registry.npmjs.org/q
98 info trying registry request attempt 1 at 13:58:37
99 verbose etag "7UD3U95CWWHU7LD3PMT54GUGN"
100 http GET https://registry.npmjs.org/q
101 verbose request where is /moment
102 verbose request registry https://registry.npmjs.org/
103 verbose url raw /moment
104 verbose url resolving [ 'https://registry.npmjs.org/', './moment' ]
105 verbose url resolved https://registry.npmjs.org/moment
106 verbose request where is https://registry.npmjs.org/moment
107 info trying registry request attempt 1 at 13:58:37
108 verbose etag "AJMYV9ZG5WN0DA8Z6MRKB1H1R"
109 http GET https://registry.npmjs.org/moment
110 verbose request where is /mongoose-q
111 verbose request registry https://registry.npmjs.org/
112 verbose url raw /mongoose-q
113 verbose url resolving [ 'https://registry.npmjs.org/', './mongoose-q' ]
114 verbose url resolved https://registry.npmjs.org/mongoose-q
115 verbose request where is https://registry.npmjs.org/mongoose-q
116 info trying registry request attempt 1 at 13:58:37
117 verbose etag "82VA55FLK2DW67VPBNS86WVKM"
118 http GET https://registry.npmjs.org/mongoose-q
119 verbose request where is /express
120 verbose request registry https://registry.npmjs.org/
121 verbose url raw /express
122 verbose url resolving [ 'https://registry.npmjs.org/', './express' ]
123 verbose url resolved https://registry.npmjs.org/express
124 verbose request where is https://registry.npmjs.org/express
125 info trying registry request attempt 1 at 13:58:37
126 verbose etag "9VWKYZ1F4O5IC5ARH8TR2R278"
127 http GET https://registry.npmjs.org/express
128 verbose request where is /twilio
129 verbose request registry https://registry.npmjs.org/
130 verbose url raw /twilio
131 verbose url resolving [ 'https://registry.npmjs.org/', './twilio' ]
132 verbose url resolved https://registry.npmjs.org/twilio
133 verbose request where is https://registry.npmjs.org/twilio
134 info trying registry request attempt 1 at 13:58:37
135 verbose etag "1KF44WA7N0PPRXR14PD1VV6BO"
136 http GET https://registry.npmjs.org/twilio
137 verbose request where is /request
138 verbose request registry https://registry.npmjs.org/
139 verbose url raw /request
140 verbose url resolving [ 'https://registry.npmjs.org/', './request' ]
141 verbose url resolved https://registry.npmjs.org/request
142 verbose request where is https://registry.npmjs.org/request
143 info trying registry request attempt 1 at 13:58:37
144 verbose etag "D8UZ32H7H5DL24LY1VM9KEPN3"
145 http GET https://registry.npmjs.org/request
146 verbose request where is /mongoose
147 verbose request registry https://registry.npmjs.org/
148 verbose url raw /mongoose
149 verbose url resolving [ 'https://registry.npmjs.org/', './mongoose' ]
150 verbose url resolved https://registry.npmjs.org/mongoose
151 verbose request where is https://registry.npmjs.org/mongoose
152 info trying registry request attempt 1 at 13:58:37
153 verbose etag "4NI9W5XYPIMVL4M3AVTF6GMN7"
154 http GET https://registry.npmjs.org/mongoose
155 http 304 https://registry.npmjs.org/hogan-express
156 silly registry.get cb [ 304,
156 silly registry.get   { date: 'Thu, 06 Nov 2014 18:58:38 GMT',
156 silly registry.get     server: 'Apache',
156 silly registry.get     via: '1.1 varnish',
156 silly registry.get     'last-modified': 'Thu, 06 Nov 2014 18:58:38 GMT',
156 silly registry.get     'cache-control': 'max-age=60',
156 silly registry.get     etag: '"8DPASATJIFRFN2SP0FWCD69YR"',
156 silly registry.get     age: '23',
156 silly registry.get     'x-served-by': 'cache-atl6233-ATL',
156 silly registry.get     'x-cache': 'HIT',
156 silly registry.get     'x-cache-hits': '1',
156 silly registry.get     'x-timer': 'S1415300318.989608,VS0,VE0',
156 silly registry.get     vary: 'Accept',
156 silly registry.get     'content-length': '0',
156 silly registry.get     'keep-alive': 'timeout=10, max=50',
156 silly registry.get     connection: 'Keep-Alive' } ]
157 verbose etag https://registry.npmjs.org/hogan-express from cache
158 http 304 https://registry.npmjs.org/q
159 silly registry.get cb [ 304,
159 silly registry.get   { date: 'Thu, 06 Nov 2014 18:58:38 GMT',
159 silly registry.get     server: 'Apache',
159 silly registry.get     via: '1.1 varnish',
159 silly registry.get     'last-modified': 'Thu, 06 Nov 2014 18:58:38 GMT',
159 silly registry.get     'cache-control': 'max-age=60',
159 silly registry.get     etag: '"7UD3U95CWWHU7LD3PMT54GUGN"',
159 silly registry.get     age: '2',
159 silly registry.get     'x-served-by': 'cache-atl6228-ATL',
159 silly registry.get     'x-cache': 'HIT',
159 silly registry.get     'x-cache-hits': '1',
159 silly registry.get     'x-timer': 'S1415300318.989588,VS0,VE1',
159 silly registry.get     vary: 'Accept',
159 silly registry.get     'content-length': '0',
159 silly registry.get     'keep-alive': 'timeout=10, max=50',
159 silly registry.get     connection: 'Keep-Alive' } ]
160 verbose etag https://registry.npmjs.org/q from cache
161 silly addNameRange number 2 { name: 'q', range: '>=1.0.0', hasData: true }
162 silly addNameRange versions [ 'q',
162 silly addNameRange   [ '0.0.0',
162 silly addNameRange     '0.0.1',
162 silly addNameRange     '0.0.2',
162 silly addNameRange     '0.0.3',
162 silly addNameRange     '0.1.0',
162 silly addNameRange     '0.1.1',
162 silly addNameRange     '0.1.2',
162 silly addNameRange     '0.1.3',
162 silly addNameRange     '0.1.4',
162 silly addNameRange     '0.1.5',
162 silly addNameRange     '0.1.6',
162 silly addNameRange     '0.1.7',
162 silly addNameRange     '0.1.8',
162 silly addNameRange     '0.1.9',
162 silly addNameRange     '0.2.0-rc1',
162 silly addNameRange     '0.2.0',
162 silly addNameRange     '0.2.1',
162 silly addNameRange     '0.2.2',
162 silly addNameRange     '0.2.3',
162 silly addNameRange     '0.2.4',
162 silly addNameRange     '0.2.5',
162 silly addNameRange     '0.2.6',
162 silly addNameRange     '0.2.7',
162 silly addNameRange     '0.2.8',
162 silly addNameRange     '0.2.9',
162 silly addNameRange     '0.3.0',
162 silly addNameRange     '0.2.10',
162 silly addNameRange     '0.4.0',
162 silly addNameRange     '0.4.1',
162 silly addNameRange     '0.4.2',
162 silly addNameRange     '0.4.4',
162 silly addNameRange     '0.5.0',
162 silly addNameRange     '0.5.1',
162 silly addNameRange     '0.5.2',
162 silly addNameRange     '0.5.3',
162 silly addNameRange     '0.6.0',
162 silly addNameRange     '0.7.0',
162 silly addNameRange     '0.7.1',
162 silly addNameRange     '0.7.2',
162 silly addNameRange     '0.8.0',
162 silly addNameRange     '0.8.1',
162 silly addNameRange     '0.8.2',
162 silly addNameRange     '0.8.3',
162 silly addNameRange     '0.8.4',
162 silly addNameRange     '0.8.5',
162 silly addNameRange     '0.8.6',
162 silly addNameRange     '0.8.7',
162 silly addNameRange     '0.8.8',
162 silly addNameRange     '0.8.9',
162 silly addNameRange     '0.8.10',
162 silly addNameRange     '0.8.11',
162 silly addNameRange     '0.8.12',
162 silly addNameRange     '0.9.0',
162 silly addNameRange     '0.9.1',
162 silly addNameRange     '0.9.2',
162 silly addNameRange     '0.9.3',
162 silly addNameRange     '0.9.4',
162 silly addNameRange     '0.9.5',
162 silly addNameRange     '0.9.6',
162 silly addNameRange     '0.9.7',
162 silly addNameRange     '1.0.0',
162 silly addNameRange     '1.0.1',
162 silly addNameRange     '2.0.0',
162 silly addNameRange     '2.0.1',
162 silly addNameRange     '2.0.2' ] ]
163 verbose addNamed [ 'q', '1.0.1' ]
164 verbose addNamed [ '1.0.1', '1.0.1' ]
165 silly lockFile 5720ee24-q-1-0-1 q@1.0.1
166 verbose lock q@1.0.1 /Users/samslover/.npm/5720ee24-q-1-0-1.lock
167 http 304 https://registry.npmjs.org/moment
168 silly registry.get cb [ 304,
168 silly registry.get   { date: 'Thu, 06 Nov 2014 18:58:39 GMT',
168 silly registry.get     server: 'Apache',
168 silly registry.get     via: '1.1 varnish',
168 silly registry.get     'last-modified': 'Thu, 06 Nov 2014 18:58:39 GMT',
168 silly registry.get     'cache-control': 'max-age=60',
168 silly registry.get     etag: '"AJMYV9ZG5WN0DA8Z6MRKB1H1R"',
168 silly registry.get     age: '0',
168 silly registry.get     'x-served-by': 'cache-atl6230-ATL',
168 silly registry.get     'x-cache': 'HIT',
168 silly registry.get     'x-cache-hits': '1',
168 silly registry.get     'x-timer': 'S1415300319.005754,VS0,VE1',
168 silly registry.get     vary: 'Accept',
168 silly registry.get     'content-length': '0',
168 silly registry.get     'keep-alive': 'timeout=10, max=50',
168 silly registry.get     connection: 'Keep-Alive' } ]
169 verbose etag https://registry.npmjs.org/moment from cache
170 silly lockFile 623bb633-hogan-express-0-3-3 hogan-express@0.3.3
171 silly lockFile 623bb633-hogan-express-0-3-3 hogan-express@0.3.3
172 silly lockFile 5720ee24-q-1-0-1 q@1.0.1
173 silly lockFile 5720ee24-q-1-0-1 q@1.0.1
174 silly lockFile e163177f-q-1-0-0 q@>= 1.0.0
175 silly lockFile e163177f-q-1-0-0 q@>= 1.0.0
176 silly lockFile e082cc8f-moment-1-7-2 moment@1.7.2
177 silly lockFile e082cc8f-moment-1-7-2 moment@1.7.2
178 http 304 https://registry.npmjs.org/mongoose-q
179 silly registry.get cb [ 304,
179 silly registry.get   { date: 'Thu, 06 Nov 2014 18:58:39 GMT',
179 silly registry.get     server: 'Apache',
179 silly registry.get     via: '1.1 varnish',
179 silly registry.get     'last-modified': 'Thu, 06 Nov 2014 18:58:39 GMT',
179 silly registry.get     'cache-control': 'max-age=60',
179 silly registry.get     etag: '"82VA55FLK2DW67VPBNS86WVKM"',
179 silly registry.get     age: '23',
179 silly registry.get     'x-served-by': 'cache-atl6227-ATL',
179 silly registry.get     'x-cache': 'HIT',
179 silly registry.get     'x-cache-hits': '1',
179 silly registry.get     'x-timer': 'S1415300319.013133,VS0,VE0',
179 silly registry.get     vary: 'Accept',
179 silly registry.get     'content-length': '0',
179 silly registry.get     'keep-alive': 'timeout=10, max=50',
179 silly registry.get     connection: 'Keep-Alive' } ]
180 verbose etag https://registry.npmjs.org/mongoose-q from cache
181 http 304 https://registry.npmjs.org/twilio
182 silly registry.get cb [ 304,
182 silly registry.get   { date: 'Thu, 06 Nov 2014 18:58:39 GMT',
182 silly registry.get     server: 'Apache',
182 silly registry.get     via: '1.1 varnish',
182 silly registry.get     'last-modified': 'Thu, 06 Nov 2014 18:58:39 GMT',
182 silly registry.get     'cache-control': 'max-age=60',
182 silly registry.get     etag: '"1KF44WA7N0PPRXR14PD1VV6BO"',
182 silly registry.get     age: '23',
182 silly registry.get     'x-served-by': 'cache-atl6233-ATL',
182 silly registry.get     'x-cache': 'HIT',
182 silly registry.get     'x-cache-hits': '1',
182 silly registry.get     'x-timer': 'S1415300319.016136,VS0,VE1',
182 silly registry.get     vary: 'Accept',
182 silly registry.get     'content-length': '0',
182 silly registry.get     'keep-alive': 'timeout=10, max=49',
182 silly registry.get     connection: 'Keep-Alive' } ]
183 verbose etag https://registry.npmjs.org/twilio from cache
184 http 304 https://registry.npmjs.org/request
185 silly registry.get cb [ 304,
185 silly registry.get   { date: 'Thu, 06 Nov 2014 18:58:39 GMT',
185 silly registry.get     server: 'Apache',
185 silly registry.get     via: '1.1 varnish',
185 silly registry.get     'last-modified': 'Thu, 06 Nov 2014 18:58:20 GMT',
185 silly registry.get     'cache-control': 'max-age=60',
185 silly registry.get     etag: '"D8UZ32H7H5DL24LY1VM9KEPN3"',
185 silly registry.get     age: '30',
185 silly registry.get     'x-served-by': 'cache-atl6228-ATL',
185 silly registry.get     'x-cache': 'HIT',
185 silly registry.get     'x-cache-hits': '4',
185 silly registry.get     'x-timer': 'S1415300319.016783,VS0,VE0',
185 silly registry.get     vary: 'Accept',
185 silly registry.get     'content-length': '0',
185 silly registry.get     'keep-alive': 'timeout=10, max=49',
185 silly registry.get     connection: 'Keep-Alive' } ]
186 verbose etag https://registry.npmjs.org/request from cache
187 http 304 https://registry.npmjs.org/express
188 silly registry.get cb [ 304,
188 silly registry.get   { date: 'Thu, 06 Nov 2014 18:58:39 GMT',
188 silly registry.get     server: 'Apache',
188 silly registry.get     via: '1.1 varnish',
188 silly registry.get     'last-modified': 'Thu, 06 Nov 2014 18:58:39 GMT',
188 silly registry.get     'cache-control': 'max-age=60',
188 silly registry.get     etag: '"9VWKYZ1F4O5IC5ARH8TR2R278"',
188 silly registry.get     age: '35',
188 silly registry.get     'x-served-by': 'cache-atl6229-ATL',
188 silly registry.get     'x-cache': 'HIT',
188 silly registry.get     'x-cache-hits': '1',
188 silly registry.get     'x-timer': 'S1415300319.011908,VS0,VE5',
188 silly registry.get     vary: 'Accept',
188 silly registry.get     'content-length': '0',
188 silly registry.get     'keep-alive': 'timeout=10, max=50',
188 silly registry.get     connection: 'Keep-Alive' } ]
189 verbose etag https://registry.npmjs.org/express from cache
190 http 304 https://registry.npmjs.org/mongoose
191 silly registry.get cb [ 304,
191 silly registry.get   { date: 'Thu, 06 Nov 2014 18:58:39 GMT',
191 silly registry.get     server: 'Apache',
191 silly registry.get     via: '1.1 varnish',
191 silly registry.get     'last-modified': 'Thu, 06 Nov 2014 18:58:15 GMT',
191 silly registry.get     'cache-control': 'max-age=60',
191 silly registry.get     etag: '"4NI9W5XYPIMVL4M3AVTF6GMN7"',
191 silly registry.get     age: '30',
191 silly registry.get     'x-served-by': 'cache-atl6230-ATL',
191 silly registry.get     'x-cache': 'HIT',
191 silly registry.get     'x-cache-hits': '2',
191 silly registry.get     'x-timer': 'S1415300319.028268,VS0,VE0',
191 silly registry.get     vary: 'Accept',
191 silly registry.get     'content-length': '0',
191 silly registry.get     'keep-alive': 'timeout=10, max=49',
191 silly registry.get     connection: 'Keep-Alive' } ]
192 verbose etag https://registry.npmjs.org/mongoose from cache
193 silly lockFile 348c5a30-s-org-request-request-2-16-6-tgz https://registry.npmjs.org/request/-/request-2.16.6.tgz
194 verbose lock https://registry.npmjs.org/request/-/request-2.16.6.tgz /Users/samslover/.npm/348c5a30-s-org-request-request-2-16-6-tgz.lock
195 silly lockFile b868f775-mongoose-q-0-0-10 mongoose-q@0.0.10
196 silly lockFile b868f775-mongoose-q-0-0-10 mongoose-q@0.0.10
197 verbose addRemoteTarball [ 'https://registry.npmjs.org/request/-/request-2.16.6.tgz',
197 verbose addRemoteTarball   '872fe445ae72de266b37879d6ad7dc948fa01cad' ]
198 silly lockFile 05cebf0c-twilio-1-7-0 twilio@1.7.0
199 silly lockFile 05cebf0c-twilio-1-7-0 twilio@1.7.0
200 silly lockFile 7e7c581c-express-3-0-0rc5 express@3.0.0rc5
201 silly lockFile 7e7c581c-express-3-0-0rc5 express@3.0.0rc5
202 silly lockFile e6bf8575-mongoose-3-8-4 mongoose@3.8.4
203 silly lockFile e6bf8575-mongoose-3-8-4 mongoose@3.8.4
204 info retry fetch attempt 1 at 13:58:37
205 verbose fetch to= /var/folders/c_/wfw_qzhx097_x19g8nqhb8sr0000gp/T/npm-2610-6VJ82nSE/registry.npmjs.org/request/-/request-2.16.6.tgz
206 http GET https://registry.npmjs.org/request/-/request-2.16.6.tgz
207 http 200 https://registry.npmjs.org/request/-/request-2.16.6.tgz
208 silly lockFile 348c5a30-s-org-request-request-2-16-6-tgz https://registry.npmjs.org/request/-/request-2.16.6.tgz
209 silly lockFile 348c5a30-s-org-request-request-2-16-6-tgz https://registry.npmjs.org/request/-/request-2.16.6.tgz
210 silly lockFile 9ba6a9aa-request-2-16-6 request@2.16.6
211 silly lockFile 9ba6a9aa-request-2-16-6 request@2.16.6
212 error Error: EACCES, mkdir '/Users/samslover/.npm/request/2.16.6'
212 error  { [Error: EACCES, mkdir '/Users/samslover/.npm/request/2.16.6']
212 error   errno: 3,
212 error   code: 'EACCES',
212 error   path: '/Users/samslover/.npm/request/2.16.6',
212 error   parent: 'itp-january' }
213 error Please try running this command again as root/Administrator.
214 error System Darwin 14.0.0
215 error command "node" "/usr/local/bin/npm" "install"
216 error cwd /Users/samslover/Desktop/hacking-itp/itp-unconference
217 error node -v v0.10.32
218 error npm -v 1.4.28
219 error path /Users/samslover/.npm/request/2.16.6
220 error code EACCES
221 error errno 3
222 error stack Error: EACCES, mkdir '/Users/samslover/.npm/request/2.16.6'
223 verbose exit [ 3, true ]
